{
  "0 debug pnpm:scope": {
    "selected": 2,
    "total": 2
  },
  "1 debug pnpm:lifecycle": {
    "depPath": "C:\\Users\\User\\Documents\\Projects\\Personal Projects\\Chattr\\Backend\\Node",
    "optional": false,
    "script": "nodemon index.ts",
    "stage": "start",
    "wd": "C:\\Users\\User\\Documents\\Projects\\Personal Projects\\Chattr\\Backend\\Node"
  },
  "2 debug pnpm:lifecycle": {
    "depPath": "C:\\Users\\User\\Documents\\Projects\\Personal Projects\\Chattr\\Frontends\\Web",
    "optional": false,
    "script": "env-cmd vite dev",
    "stage": "start",
    "wd": "C:\\Users\\User\\Documents\\Projects\\Personal Projects\\Chattr\\Frontends\\Web"
  },
  "3 debug pnpm:lifecycle": {
    "depPath": "C:\\Users\\User\\Documents\\Projects\\Personal Projects\\Chattr\\Backend\\Node",
    "line": "\u001b[33m[nodemon] 2.0.18\u001b[39m",
    "stage": "start",
    "stdio": "stdout",
    "wd": "C:\\Users\\User\\Documents\\Projects\\Personal Projects\\Chattr\\Backend\\Node"
  },
  "4 debug pnpm:lifecycle": {
    "depPath": "C:\\Users\\User\\Documents\\Projects\\Personal Projects\\Chattr\\Backend\\Node",
    "line": "\u001b[33m[nodemon] to restart at any time, enter `rs`\u001b[39m",
    "stage": "start",
    "stdio": "stdout",
    "wd": "C:\\Users\\User\\Documents\\Projects\\Personal Projects\\Chattr\\Backend\\Node"
  },
  "5 debug pnpm:lifecycle": {
    "depPath": "C:\\Users\\User\\Documents\\Projects\\Personal Projects\\Chattr\\Backend\\Node",
    "line": "\u001b[33m[nodemon] watching path(s): *.*\u001b[39m",
    "stage": "start",
    "stdio": "stdout",
    "wd": "C:\\Users\\User\\Documents\\Projects\\Personal Projects\\Chattr\\Backend\\Node"
  },
  "6 debug pnpm:lifecycle": {
    "depPath": "C:\\Users\\User\\Documents\\Projects\\Personal Projects\\Chattr\\Backend\\Node",
    "line": "\u001b[33m[nodemon] watching extensions: ts,json\u001b[39m",
    "stage": "start",
    "stdio": "stdout",
    "wd": "C:\\Users\\User\\Documents\\Projects\\Personal Projects\\Chattr\\Backend\\Node"
  },
  "7 debug pnpm:lifecycle": {
    "depPath": "C:\\Users\\User\\Documents\\Projects\\Personal Projects\\Chattr\\Backend\\Node",
    "line": "\u001b[32m[nodemon] starting `ts-node index.ts`\u001b[39m",
    "stage": "start",
    "stdio": "stdout",
    "wd": "C:\\Users\\User\\Documents\\Projects\\Personal Projects\\Chattr\\Backend\\Node"
  },
  "8 debug pnpm:lifecycle": {
    "depPath": "C:\\Users\\User\\Documents\\Projects\\Personal Projects\\Chattr\\Frontends\\Web",
    "line": "\u001b[36m",
    "stage": "start",
    "stdio": "stdout",
    "wd": "C:\\Users\\User\\Documents\\Projects\\Personal Projects\\Chattr\\Frontends\\Web"
  },
  "9 debug pnpm:lifecycle": {
    "depPath": "C:\\Users\\User\\Documents\\Projects\\Personal Projects\\Chattr\\Frontends\\Web",
    "line": "  vite v2.9.14\u001b[39m\u001b[32m dev server running at:",
    "stage": "start",
    "stdio": "stdout",
    "wd": "C:\\Users\\User\\Documents\\Projects\\Personal Projects\\Chattr\\Frontends\\Web"
  },
  "10 debug pnpm:lifecycle": {
    "depPath": "C:\\Users\\User\\Documents\\Projects\\Personal Projects\\Chattr\\Frontends\\Web",
    "line": "\u001b[39m",
    "stage": "start",
    "stdio": "stdout",
    "wd": "C:\\Users\\User\\Documents\\Projects\\Personal Projects\\Chattr\\Frontends\\Web"
  },
  "11 debug pnpm:lifecycle": {
    "depPath": "C:\\Users\\User\\Documents\\Projects\\Personal Projects\\Chattr\\Frontends\\Web",
    "line": "  > Local: \u001b[36mhttp://localhost:\u001b[1m3000\u001b[22m/\u001b[39m",
    "stage": "start",
    "stdio": "stdout",
    "wd": "C:\\Users\\User\\Documents\\Projects\\Personal Projects\\Chattr\\Frontends\\Web"
  },
  "12 debug pnpm:lifecycle": {
    "depPath": "C:\\Users\\User\\Documents\\Projects\\Personal Projects\\Chattr\\Frontends\\Web",
    "line": "  > Network: \u001b[2muse `--host` to expose\u001b[22m",
    "stage": "start",
    "stdio": "stdout",
    "wd": "C:\\Users\\User\\Documents\\Projects\\Personal Projects\\Chattr\\Frontends\\Web"
  },
  "13 debug pnpm:lifecycle": {
    "depPath": "C:\\Users\\User\\Documents\\Projects\\Personal Projects\\Chattr\\Frontends\\Web",
    "line": "  \u001b[36mready in 980ms.\u001b[39m",
    "stage": "start",
    "stdio": "stdout",
    "wd": "C:\\Users\\User\\Documents\\Projects\\Personal Projects\\Chattr\\Frontends\\Web"
  },
  "14 debug pnpm:lifecycle": {
    "depPath": "C:\\Users\\User\\Documents\\Projects\\Personal Projects\\Chattr\\Frontends\\Web",
    "line": "00:21:23 [vite-plugin-svelte] C:/Users/User/Documents/Projects/Personal Projects/Chattr/Frontends/Web/src/routes/signup.svelte:7:1 No scopable elements found in template. If you're using global styles in the style tag, you should move it into an external stylesheet file and import it in JS. See https://github.com/sveltejs/vite-plugin-svelte/blob/main/docs/faq.md#where-should-i-put-my-global-styles.",
    "stage": "start",
    "stdio": "stdout",
    "wd": "C:\\Users\\User\\Documents\\Projects\\Personal Projects\\Chattr\\Frontends\\Web"
  },
  "15 debug pnpm:lifecycle": {
    "depPath": "C:\\Users\\User\\Documents\\Projects\\Personal Projects\\Chattr\\Backend\\Node",
    "line": "Chatrr: Backend is live on http://localhost:8080",
    "stage": "start",
    "stdio": "stdout",
    "wd": "C:\\Users\\User\\Documents\\Projects\\Personal Projects\\Chattr\\Backend\\Node"
  },
  "16 debug pnpm:lifecycle": {
    "depPath": "C:\\Users\\User\\Documents\\Projects\\Personal Projects\\Chattr\\Backend\\Node",
    "line": "MongoDB: Connected Successfully",
    "stage": "start",
    "stdio": "stdout",
    "wd": "C:\\Users\\User\\Documents\\Projects\\Personal Projects\\Chattr\\Backend\\Node"
  },
  "17 debug pnpm:lifecycle": {
    "depPath": "C:\\Users\\User\\Documents\\Projects\\Personal Projects\\Chattr\\Frontends\\Web",
    "line": "00:21:24 [vite-plugin-svelte] C:/Users/User/Documents/Projects/Personal Projects/Chattr/Frontends/Web/src/lib/components/SignUp/index.svelte:123:0 Unused CSS selector \".hcaptcha\"",
    "stage": "start",
    "stdio": "stdout",
    "wd": "C:\\Users\\User\\Documents\\Projects\\Personal Projects\\Chattr\\Frontends\\Web"
  },
  "18 debug pnpm:lifecycle": {
    "depPath": "C:\\Users\\User\\Documents\\Projects\\Personal Projects\\Chattr\\Frontends\\Web",
    "line": "00:21:24 [vite-plugin-svelte] C:/Users/User/Documents/Projects/Personal Projects/Chattr/Frontends/Web/src/lib/components/SignUp/index.svelte:128:2 Unused CSS selector \".hcaptcha\"",
    "stage": "start",
    "stdio": "stdout",
    "wd": "C:\\Users\\User\\Documents\\Projects\\Personal Projects\\Chattr\\Frontends\\Web"
  },
  "19 debug pnpm:lifecycle": {
    "depPath": "C:\\Users\\User\\Documents\\Projects\\Personal Projects\\Chattr\\Frontends\\Web",
    "line": "00:21:26 [vite-plugin-svelte] C:/Users/User/Documents/Projects/Personal Projects/Chattr/Frontends/Web/src/routes/signup.svelte:7:1 No scopable elements found in template. If you're using global styles in the style tag, you should move it into an external stylesheet file and import it in JS. See https://github.com/sveltejs/vite-plugin-svelte/blob/main/docs/faq.md#where-should-i-put-my-global-styles.",
    "stage": "start",
    "stdio": "stdout",
    "wd": "C:\\Users\\User\\Documents\\Projects\\Personal Projects\\Chattr\\Frontends\\Web"
  },
  "20 debug pnpm:lifecycle": {
    "depPath": "C:\\Users\\User\\Documents\\Projects\\Personal Projects\\Chattr\\Frontends\\Web",
    "line": "00:21:26 [vite-plugin-svelte] C:/Users/User/Documents/Projects/Personal Projects/Chattr/Frontends/Web/src/lib/components/SignUp/index.svelte:123:0 Unused CSS selector \".hcaptcha\"",
    "stage": "start",
    "stdio": "stdout",
    "wd": "C:\\Users\\User\\Documents\\Projects\\Personal Projects\\Chattr\\Frontends\\Web"
  },
  "21 debug pnpm:lifecycle": {
    "depPath": "C:\\Users\\User\\Documents\\Projects\\Personal Projects\\Chattr\\Frontends\\Web",
    "line": "00:21:26 [vite-plugin-svelte] C:/Users/User/Documents/Projects/Personal Projects/Chattr/Frontends/Web/src/lib/components/SignUp/index.svelte:128:2 Unused CSS selector \".hcaptcha\"",
    "stage": "start",
    "stdio": "stdout",
    "wd": "C:\\Users\\User\\Documents\\Projects\\Personal Projects\\Chattr\\Frontends\\Web"
  },
  "22 debug pnpm:lifecycle": {
    "depPath": "C:\\Users\\User\\Documents\\Projects\\Personal Projects\\Chattr\\Frontends\\Web",
    "line": "\u001b[2m00:21:52\u001b[22m \u001b[36m\u001b[1m[vite]\u001b[22m\u001b[39m \u001b[32mhmr update \u001b[39m\u001b[2m/src/lib/components/SignUp/index.svelte\u001b[22m",
    "stage": "start",
    "stdio": "stdout",
    "wd": "C:\\Users\\User\\Documents\\Projects\\Personal Projects\\Chattr\\Frontends\\Web"
  },
  "23 debug pnpm:lifecycle": {
    "depPath": "C:\\Users\\User\\Documents\\Projects\\Personal Projects\\Chattr\\Frontends\\Web",
    "line": "00:21:53 [vite-plugin-svelte] C:/Users/User/Documents/Projects/Personal Projects/Chattr/Frontends/Web/src/lib/components/SignUp/index.svelte:124:0 Unused CSS selector \".hcaptcha\"",
    "stage": "start",
    "stdio": "stdout",
    "wd": "C:\\Users\\User\\Documents\\Projects\\Personal Projects\\Chattr\\Frontends\\Web"
  },
  "24 debug pnpm:lifecycle": {
    "depPath": "C:\\Users\\User\\Documents\\Projects\\Personal Projects\\Chattr\\Frontends\\Web",
    "line": "00:21:53 [vite-plugin-svelte] C:/Users/User/Documents/Projects/Personal Projects/Chattr/Frontends/Web/src/lib/components/SignUp/index.svelte:129:2 Unused CSS selector \".hcaptcha\"",
    "stage": "start",
    "stdio": "stdout",
    "wd": "C:\\Users\\User\\Documents\\Projects\\Personal Projects\\Chattr\\Frontends\\Web"
  },
  "25 debug pnpm:lifecycle": {
    "depPath": "C:\\Users\\User\\Documents\\Projects\\Personal Projects\\Chattr\\Frontends\\Web",
    "line": "\u001b[2m00:22:01\u001b[22m \u001b[36m\u001b[1m[vite]\u001b[22m\u001b[39m \u001b[32mhmr update \u001b[39m\u001b[2m/src/lib/components/SignUp/index.svelte?svelte&type=style&lang.css\u001b[22m",
    "stage": "start",
    "stdio": "stdout",
    "wd": "C:\\Users\\User\\Documents\\Projects\\Personal Projects\\Chattr\\Frontends\\Web"
  },
  "26 debug pnpm:lifecycle": {
    "depPath": "C:\\Users\\User\\Documents\\Projects\\Personal Projects\\Chattr\\Frontends\\Web",
    "line": "\u001b[2m00:28:15\u001b[22m \u001b[36m\u001b[1m[vite]\u001b[22m\u001b[39m \u001b[32mhmr update \u001b[39m\u001b[2m/src/lib/components/SignUp/index.svelte\u001b[22m",
    "stage": "start",
    "stdio": "stdout",
    "wd": "C:\\Users\\User\\Documents\\Projects\\Personal Projects\\Chattr\\Frontends\\Web"
  },
  "27 debug pnpm:lifecycle": {
    "depPath": "C:\\Users\\User\\Documents\\Projects\\Personal Projects\\Chattr\\Frontends\\Web",
    "line": "\u001b[2m00:28:15\u001b[22m \u001b[31m\u001b[1m[vite]\u001b[22m\u001b[39m \u001b[31mInternal server error: Failed to resolve import \"src/utils/validation\" from \"src\\lib\\components\\SignUp\\index.svelte\". Does the file exist?\u001b[39m",
    "stage": "start",
    "stdio": "stderr",
    "wd": "C:\\Users\\User\\Documents\\Projects\\Personal Projects\\Chattr\\Frontends\\Web"
  },
  "28 debug pnpm:lifecycle": {
    "depPath": "C:\\Users\\User\\Documents\\Projects\\Personal Projects\\Chattr\\Frontends\\Web",
    "line": "  Plugin: \u001b[35mvite:import-analysis\u001b[39m",
    "stage": "start",
    "stdio": "stderr",
    "wd": "C:\\Users\\User\\Documents\\Projects\\Personal Projects\\Chattr\\Frontends\\Web"
  },
  "29 debug pnpm:lifecycle": {
    "depPath": "C:\\Users\\User\\Documents\\Projects\\Personal Projects\\Chattr\\Frontends\\Web",
    "line": "  File: \u001b[36mC:/Users/User/Documents/Projects/Personal Projects/Chattr/Frontends/Web/src/lib/components/SignUp/index.svelte\u001b[39m",
    "stage": "start",
    "stdio": "stderr",
    "wd": "C:\\Users\\User\\Documents\\Projects\\Personal Projects\\Chattr\\Frontends\\Web"
  },
  "30 debug pnpm:lifecycle": {
    "depPath": "C:\\Users\\User\\Documents\\Projects\\Personal Projects\\Chattr\\Frontends\\Web",
    "line": "\u001b[33m  31 |  ",
    "stage": "start",
    "stdio": "stderr",
    "wd": "C:\\Users\\User\\Documents\\Projects\\Personal Projects\\Chattr\\Frontends\\Web"
  },
  "31 debug pnpm:lifecycle": {
    "depPath": "C:\\Users\\User\\Documents\\Projects\\Personal Projects\\Chattr\\Frontends\\Web",
    "line": "  32 |  import GoogleLogo from \"$lib/icons/GoogleLogo.svelte\";",
    "stage": "start",
    "stdio": "stderr",
    "wd": "C:\\Users\\User\\Documents\\Projects\\Personal Projects\\Chattr\\Frontends\\Web"
  },
  "32 debug pnpm:lifecycle": {
    "depPath": "C:\\Users\\User\\Documents\\Projects\\Personal Projects\\Chattr\\Frontends\\Web",
    "line": "  33 |  import { validateSignUp } from \"src/utils/validation\";",
    "stage": "start",
    "stdio": "stderr",
    "wd": "C:\\Users\\User\\Documents\\Projects\\Personal Projects\\Chattr\\Frontends\\Web"
  },
  "33 debug pnpm:lifecycle": {
    "depPath": "C:\\Users\\User\\Documents\\Projects\\Personal Projects\\Chattr\\Frontends\\Web",
    "line": "     |                                  ^",
    "stage": "start",
    "stdio": "stderr",
    "wd": "C:\\Users\\User\\Documents\\Projects\\Personal Projects\\Chattr\\Frontends\\Web"
  },
  "34 debug pnpm:lifecycle": {
    "depPath": "C:\\Users\\User\\Documents\\Projects\\Personal Projects\\Chattr\\Frontends\\Web",
    "line": "  34 |  import Button from \"../Reusables/Button.svelte\";",
    "stage": "start",
    "stdio": "stderr",
    "wd": "C:\\Users\\User\\Documents\\Projects\\Personal Projects\\Chattr\\Frontends\\Web"
  },
  "35 debug pnpm:lifecycle": {
    "depPath": "C:\\Users\\User\\Documents\\Projects\\Personal Projects\\Chattr\\Frontends\\Web",
    "line": "  35 |  import Input from \"../Reusables/Input.svelte\";\u001b[39m",
    "stage": "start",
    "stdio": "stderr",
    "wd": "C:\\Users\\User\\Documents\\Projects\\Personal Projects\\Chattr\\Frontends\\Web"
  },
  "36 debug pnpm:lifecycle": {
    "depPath": "C:\\Users\\User\\Documents\\Projects\\Personal Projects\\Chattr\\Frontends\\Web",
    "line": "      at formatError (C:\\Users\\User\\Documents\\Projects\\Personal Projects\\Chattr\\Frontends\\Web\\node_modules\\.pnpm\\vite@2.9.14\\node_modules\\vite\\dist\\node\\chunks\\dep-c9998dc6.js:39080:46)",
    "stage": "start",
    "stdio": "stderr",
    "wd": "C:\\Users\\User\\Documents\\Projects\\Personal Projects\\Chattr\\Frontends\\Web"
  },
  "37 debug pnpm:lifecycle": {
    "depPath": "C:\\Users\\User\\Documents\\Projects\\Personal Projects\\Chattr\\Frontends\\Web",
    "line": "      at TransformContext.error (C:\\Users\\User\\Documents\\Projects\\Personal Projects\\Chattr\\Frontends\\Web\\node_modules\\.pnpm\\vite@2.9.14\\node_modules\\vite\\dist\\node\\chunks\\dep-c9998dc6.js:39076:19)",
    "stage": "start",
    "stdio": "stderr",
    "wd": "C:\\Users\\User\\Documents\\Projects\\Personal Projects\\Chattr\\Frontends\\Web"
  },
  "38 debug pnpm:lifecycle": {
    "depPath": "C:\\Users\\User\\Documents\\Projects\\Personal Projects\\Chattr\\Frontends\\Web",
    "line": "      at normalizeUrl (C:\\Users\\User\\Documents\\Projects\\Personal Projects\\Chattr\\Frontends\\Web\\node_modules\\.pnpm\\vite@2.9.14\\node_modules\\vite\\dist\\node\\chunks\\dep-c9998dc6.js:58354:26)",
    "stage": "start",
    "stdio": "stderr",
    "wd": "C:\\Users\\User\\Documents\\Projects\\Personal Projects\\Chattr\\Frontends\\Web"
  },
  "39 debug pnpm:lifecycle": {
    "depPath": "C:\\Users\\User\\Documents\\Projects\\Personal Projects\\Chattr\\Frontends\\Web",
    "line": "      at async TransformContext.transform (C:\\Users\\User\\Documents\\Projects\\Personal Projects\\Chattr\\Frontends\\Web\\node_modules\\.pnpm\\vite@2.9.14\\node_modules\\vite\\dist\\node\\chunks\\dep-c9998dc6.js:58503:57)",
    "stage": "start",
    "stdio": "stderr",
    "wd": "C:\\Users\\User\\Documents\\Projects\\Personal Projects\\Chattr\\Frontends\\Web"
  },
  "40 debug pnpm:lifecycle": {
    "depPath": "C:\\Users\\User\\Documents\\Projects\\Personal Projects\\Chattr\\Frontends\\Web",
    "line": "      at async Object.transform (C:\\Users\\User\\Documents\\Projects\\Personal Projects\\Chattr\\Frontends\\Web\\node_modules\\.pnpm\\vite@2.9.14\\node_modules\\vite\\dist\\node\\chunks\\dep-c9998dc6.js:39317:30)",
    "stage": "start",
    "stdio": "stderr",
    "wd": "C:\\Users\\User\\Documents\\Projects\\Personal Projects\\Chattr\\Frontends\\Web"
  },
  "41 debug pnpm:lifecycle": {
    "depPath": "C:\\Users\\User\\Documents\\Projects\\Personal Projects\\Chattr\\Frontends\\Web",
    "line": "      at async doTransform (C:\\Users\\User\\Documents\\Projects\\Personal Projects\\Chattr\\Frontends\\Web\\node_modules\\.pnpm\\vite@2.9.14\\node_modules\\vite\\dist\\node\\chunks\\dep-c9998dc6.js:50037:29)",
    "stage": "start",
    "stdio": "stderr",
    "wd": "C:\\Users\\User\\Documents\\Projects\\Personal Projects\\Chattr\\Frontends\\Web"
  },
  "42 debug pnpm:lifecycle": {
    "depPath": "C:\\Users\\User\\Documents\\Projects\\Personal Projects\\Chattr\\Frontends\\Web",
    "line": "\u001b[2m00:28:35\u001b[22m \u001b[36m\u001b[1m[vite]\u001b[22m\u001b[39m \u001b[32mhmr update \u001b[39m\u001b[2m/src/lib/components/SignUp/index.svelte\u001b[22m",
    "stage": "start",
    "stdio": "stdout",
    "wd": "C:\\Users\\User\\Documents\\Projects\\Personal Projects\\Chattr\\Frontends\\Web"
  },
  "43 debug pnpm:lifecycle": {
    "depPath": "C:\\Users\\User\\Documents\\Projects\\Personal Projects\\Chattr\\Frontends\\Web",
    "line": "\u001b[2m00:29:13\u001b[22m \u001b[36m\u001b[1m[vite]\u001b[22m\u001b[39m \u001b[32mhmr update \u001b[39m\u001b[2m/src/lib/components/SignUp/index.svelte\u001b[22m",
    "stage": "start",
    "stdio": "stdout",
    "wd": "C:\\Users\\User\\Documents\\Projects\\Personal Projects\\Chattr\\Frontends\\Web"
  },
  "44 debug pnpm:lifecycle": {
    "depPath": "C:\\Users\\User\\Documents\\Projects\\Personal Projects\\Chattr\\Frontends\\Web",
    "line": "\u001b[2m00:30:24\u001b[22m \u001b[36m\u001b[1m[vite]\u001b[22m\u001b[39m \u001b[32mhmr update \u001b[39m\u001b[2m/src/lib/components/Reusables/Input.svelte\u001b[22m",
    "stage": "start",
    "stdio": "stdout",
    "wd": "C:\\Users\\User\\Documents\\Projects\\Personal Projects\\Chattr\\Frontends\\Web"
  },
  "45 debug pnpm:lifecycle": {
    "depPath": "C:\\Users\\User\\Documents\\Projects\\Personal Projects\\Chattr\\Frontends\\Web",
    "line": "00:30:24 [vite-plugin-svelte] C:/Users/User/Documents/Projects/Personal Projects/Chattr/Frontends/Web/src/lib/components/Reusables/Input.svelte:3:11 Input has unused export property 'email'. If it is for external reference only, please consider using `export const email`",
    "stage": "start",
    "stdio": "stdout",
    "wd": "C:\\Users\\User\\Documents\\Projects\\Personal Projects\\Chattr\\Frontends\\Web"
  },
  "46 debug pnpm:lifecycle": {
    "depPath": "C:\\Users\\User\\Documents\\Projects\\Personal Projects\\Chattr\\Frontends\\Web",
    "line": "00:30:24 [vite-plugin-svelte] C:/Users/User/Documents/Projects/Personal Projects/Chattr/Frontends/Web/src/lib/components/Reusables/Input.svelte:4:11 Input has unused export property 'password'. If it is for external reference only, please consider using `export const password`",
    "stage": "start",
    "stdio": "stdout",
    "wd": "C:\\Users\\User\\Documents\\Projects\\Personal Projects\\Chattr\\Frontends\\Web"
  },
  "47 debug pnpm:lifecycle": {
    "depPath": "C:\\Users\\User\\Documents\\Projects\\Personal Projects\\Chattr\\Frontends\\Web",
    "line": "\u001b[2m00:31:27\u001b[22m \u001b[36m\u001b[1m[vite]\u001b[22m\u001b[39m \u001b[32mhmr update \u001b[39m\u001b[2m/src/lib/components/SignUp/index.svelte\u001b[22m",
    "stage": "start",
    "stdio": "stdout",
    "wd": "C:\\Users\\User\\Documents\\Projects\\Personal Projects\\Chattr\\Frontends\\Web"
  },
  "48 debug pnpm:lifecycle": {
    "depPath": "C:\\Users\\User\\Documents\\Projects\\Personal Projects\\Chattr\\Frontends\\Web",
    "line": "\u001b[2m00:33:08\u001b[22m \u001b[36m\u001b[1m[vite]\u001b[22m\u001b[39m \u001b[32mhmr update \u001b[39m\u001b[2m/src/lib/components/Reusables/Input.svelte\u001b[22m",
    "stage": "start",
    "stdio": "stdout",
    "wd": "C:\\Users\\User\\Documents\\Projects\\Personal Projects\\Chattr\\Frontends\\Web"
  },
  "49 debug pnpm:lifecycle": {
    "depPath": "C:\\Users\\User\\Documents\\Projects\\Personal Projects\\Chattr\\Frontends\\Web",
    "line": "\u001b[2m00:36:09\u001b[22m \u001b[36m\u001b[1m[vite]\u001b[22m\u001b[39m \u001b[32mhmr update \u001b[39m\u001b[2m/src/lib/components/SignUp/index.svelte\u001b[22m",
    "stage": "start",
    "stdio": "stdout",
    "wd": "C:\\Users\\User\\Documents\\Projects\\Personal Projects\\Chattr\\Frontends\\Web"
  },
  "50 debug pnpm:lifecycle": {
    "depPath": "C:\\Users\\User\\Documents\\Projects\\Personal Projects\\Chattr\\Backend\\Node",
    "line": "\u001b[31m[nodemon] app crashed - waiting for file changes before starting...\u001b[39m",
    "stage": "start",
    "stdio": "stdout",
    "wd": "C:\\Users\\User\\Documents\\Projects\\Personal Projects\\Chattr\\Backend\\Node"
  }
}